Arguments: 
  /Users/atienda/.nvm/versions/node/v14.18.1/bin/node /Users/atienda/.nvm/versions/node/v14.18.1/bin/yarn add txjs-observe

PATH: 
  /Library/Java/JavaVirtualMachines/zulu-8.jdk/Contents/Home/bin:/opt/homebrew/opt/gradle@6/bin:/opt/homebrew/opt/mysql@5.7/bin:/Users/atienda/.local/bin:/Users/atienda/.nvm/versions/node/v14.18.1/bin:/opt/homebrew/bin:/opt/homebrew/sbin:/usr/local/bin:/usr/bin:/bin:/usr/sbin:/sbin:~/.local/bin:/opt/X11/bin:/Library/Apple/usr/bin:/Library/Frameworks/Mono.framework/Versions/Current/Commands:/Library/Java/JavaVirtualMachines/zulu-8.jdk/Contents/Home/bin:/opt/homebrew/opt/gradle@6/bin:/opt/homebrew/opt/mysql@5.7/bin:/Users/atienda/.local/bin:/Users/atienda/miniforge3/condabin:/Users/atienda/.nvm/versions/node/v14.18.1/bin:/opt/homebrew/bin:/opt/homebrew/sbin

Yarn version: 
  1.22.17

Node version: 
  14.18.1

Platform: 
  darwin arm64

Trace: 
  Error: https://registry.yarnpkg.com/txjs-observe: Not found
      at Request.params.callback [as _callback] (/Users/atienda/.nvm/versions/node/v14.18.1/lib/node_modules/yarn/lib/cli.js:67029:18)
      at Request.self.callback (/Users/atienda/.nvm/versions/node/v14.18.1/lib/node_modules/yarn/lib/cli.js:140883:22)
      at Request.emit (events.js:400:28)
      at Request.<anonymous> (/Users/atienda/.nvm/versions/node/v14.18.1/lib/node_modules/yarn/lib/cli.js:141855:10)
      at Request.emit (events.js:400:28)
      at IncomingMessage.<anonymous> (/Users/atienda/.nvm/versions/node/v14.18.1/lib/node_modules/yarn/lib/cli.js:141777:12)
      at Object.onceWrapper (events.js:519:28)
      at IncomingMessage.emit (events.js:412:35)
      at endReadableNT (internal/streams/readable.js:1334:12)
      at processTicksAndRejections (internal/process/task_queues.js:82:21)

npm manifest: 
  {
    "name": "rxjs-umeme",
    "version": "1.0.0",
    "description": "",
    "main": "index.js",
    "scripts": {
      "test": "echo \"Error: no test specified\" && exit 1"
    },
    "author": "",
    "license": "ISC",
    "dependencies": {
      "rxjs": "^7.5.1"
    }
  }

yarn manifest: 
  No manifest

Lockfile: 
  # THIS IS AN AUTOGENERATED FILE. DO NOT EDIT THIS FILE DIRECTLY.
  # yarn lockfile v1
  
  
  rxjs@^7.5.1:
    version "7.5.1"
    resolved "https://registry.yarnpkg.com/rxjs/-/rxjs-7.5.1.tgz#af73df343cbcab37628197f43ea0c8256f54b157"
    integrity sha512-KExVEeZWxMZnZhUZtsJcFwz8IvPvgu4G2Z2QyqjZQzUGr32KDYuSxrEYO4w3tFFNbfLozcrKUTvTPi+E9ywJkQ==
    dependencies:
      tslib "^2.1.0"
  
  tslib@^2.1.0:
    version "2.3.1"
    resolved "https://registry.yarnpkg.com/tslib/-/tslib-2.3.1.tgz#e8a335add5ceae51aa261d32a490158ef042ef01"
    integrity sha512-77EbyPPpMz+FRFRuAFlWMtmgUWGe9UOG2Z25NqCwiIjRhOf5iKGuzSe5P2w1laq+FkRy4p+PCuVkJSGkzTEKVw==
